Using pre-set license
Built from '2020.3/staging' branch; Version is '2020.3.3f1 (76626098c1c4) revision 7758432'; Using compiler version '192528614'; Build Type 'Release'
OS: 'Windows 10 Pro; OS build 19041.1052; Version 2004; 64bit' Language: 'en' Physical Memory: 8036 MB
BatchMode: 1, IsHumanControllingUs: 0, StartBugReporterOnCrash: 0, Is64bit: 1, IsPro: 0

 COMMAND LINE ARGUMENTS:
C:\Program Files\Unity\Hub\Editor\2020.3.3f1\Editor\Unity.exe
-adb2
-batchMode
-noUpm
-name
AssetImportWorker0
-projectPath
C:/Users/prest/Documents/Code/Omegaa4/DTGGANG/Gaeeem/Limoot
-logFile
Logs/AssetImportWorker0.log
-srvPort
52486
Successfully changed project path to: C:/Users/prest/Documents/Code/Omegaa4/DTGGANG/Gaeeem/Limoot
C:/Users/prest/Documents/Code/Omegaa4/DTGGANG/Gaeeem/Limoot
Using Asset Import Pipeline V2.
Refreshing native plugins compatible for Editor in 36.20 ms, found 1 plugins.
Preloading 0 native plugins for Editor in 0.00 ms.
Initialize engine version: 2020.3.3f1 (76626098c1c4)
[Subsystems] Discovering subsystems at path C:/Program Files/Unity/Hub/Editor/2020.3.3f1/Editor/Data/Resources/UnitySubsystems
[Subsystems] Discovering subsystems at path C:/Users/prest/Documents/Code/Omegaa4/DTGGANG/Gaeeem/Limoot/Assets
GfxDevice: creating device client; threaded=0
Direct3D:
    Version:  Direct3D 11.0 [level 11.1]
    Renderer: NVIDIA GeForce GTX 1050 Ti (ID=0x1c8c)
    Vendor:   
    VRAM:     4018 MB
    Driver:   27.21.14.6192
Initialize mono
Mono path[0] = 'C:/Program Files/Unity/Hub/Editor/2020.3.3f1/Editor/Data/Managed'
Mono path[1] = 'C:/Program Files/Unity/Hub/Editor/2020.3.3f1/Editor/Data/MonoBleedingEdge/lib/mono/unityjit'
Mono config path = 'C:/Program Files/Unity/Hub/Editor/2020.3.3f1/Editor/Data/MonoBleedingEdge/etc'
Using monoOptions --debugger-agent=transport=dt_socket,embedding=1,server=y,suspend=n,address=127.0.0.1:56780
Begin MonoManager ReloadAssembly
Registering precompiled unity dll's ...
Register platform support module: C:/Program Files/Unity/Hub/Editor/2020.3.3f1/Editor/Data/PlaybackEngines/WindowsStandaloneSupport/UnityEditor.WindowsStandalone.Extensions.dll
Registered in 0.002160 seconds.
Native extension for WindowsStandalone target not found
Refreshing native plugins compatible for Editor in 36.04 ms, found 1 plugins.
Preloading 0 native plugins for Editor in 0.00 ms.
Invoked RoslynAnalysisRunner static constructor.
RoslynAnalysisRunner will not be running.
RoslynAnalysisRunner has terminated.
Mono: successfully reloaded assembly
- Completed reload, in  1.198 seconds
Platform modules already initialized, skipping
Registering precompiled user dll's ...
Registered in 0.001067 seconds.
Begin MonoManager ReloadAssembly
Native extension for WindowsStandalone target not found
Refreshing native plugins compatible for Editor in 34.82 ms, found 1 plugins.
Preloading 0 native plugins for Editor in 0.00 ms.
Invoked RoslynAnalysisRunner static constructor.
RoslynAnalysisRunner will not be running.
RoslynAnalysisRunner has terminated.
Mono: successfully reloaded assembly
- Completed reload, in  0.954 seconds
Platform modules already initialized, skipping
========================================================================
Worker process is ready to serve import requests
Launched and connected shader compiler UnityShaderCompiler.exe after 0.05 seconds
Refreshing native plugins compatible for Editor in 0.35 ms, found 1 plugins.
Preloading 0 native plugins for Editor in 0.00 ms.
Unloading 1808 Unused Serialized files (Serialized files now loaded: 0)
System memory in use before: 84.8 MB.
System memory in use after: 84.8 MB.

Unloading 19 unused Assets to reduce memory usage. Loaded Objects now: 2256.
Total: 2.188800 ms (FindLiveObjects: 0.234100 ms CreateObjectMapping: 0.100500 ms MarkObjects: 1.778800 ms  DeleteObjects: 0.073800 ms)

AssetImportParameters requested are different than current active one (requested -> active):
  requireTextureImportCompression: false -> true
========================================================================
Received Import Request.
  path: Assets/Art Files/HPbar.png
  artifactKey: Guid(9f9297cdf68778844b932b29bbb6f772) Importer(815301076,1909f56bfc062723c751e8b465ee728b)
Start importing Assets/Art Files/HPbar.png using Guid(9f9297cdf68778844b932b29bbb6f772) Importer(815301076,1909f56bfc062723c751e8b465ee728b)  -> (artifact id: '024aba7cbcc1408fbdc772b8a5ef5731') in 0.167126 seconds
  Import took 0.170067 seconds .

========================================================================
Received Import Request.
  Time since last request: 1003.168059 seconds.
  path: Assets/Art Files/Heart.png
  artifactKey: Guid(d87210d23c43f5940b499c45bbddbd95) Importer(815301076,1909f56bfc062723c751e8b465ee728b)
Start importing Assets/Art Files/Heart.png using Guid(d87210d23c43f5940b499c45bbddbd95) Importer(815301076,1909f56bfc062723c751e8b465ee728b)  -> (artifact id: '455dffda6c4675668b96c166eb246083') in 0.023646 seconds
  Import took 0.027111 seconds .

========================================================================
Received Prepare
Registering precompiled user dll's ...
Registered in 0.001456 seconds.
Begin MonoManager ReloadAssembly
Native extension for WindowsStandalone target not found
Refreshing native plugins compatible for Editor in 0.35 ms, found 1 plugins.
Preloading 0 native plugins for Editor in 0.00 ms.
Invoked RoslynAnalysisRunner static constructor.
RoslynAnalysisRunner will not be running.
RoslynAnalysisRunner has terminated.
Mono: successfully reloaded assembly
- Completed reload, in  0.856 seconds
Platform modules already initialized, skipping
Refreshing native plugins compatible for Editor in 1.71 ms, found 1 plugins.
Preloading 0 native plugins for Editor in 0.00 ms.
Unloading 1798 Unused Serialized files (Serialized files now loaded: 0)
System memory in use before: 87.3 MB.
System memory in use after: 87.4 MB.

Unloading 8 unused Assets to reduce memory usage. Loaded Objects now: 2267.
Total: 5.212400 ms (FindLiveObjects: 0.281800 ms CreateObjectMapping: 0.093200 ms MarkObjects: 4.806400 ms  DeleteObjects: 0.029300 ms)

AssetImportParameters requested are different than current active one (requested -> active):
  requireTextureImportCompression: false -> true
========================================================================
Received Import Request.
  Time since last request: 805.985455 seconds.
  path: Assets/Art Files/HPbar2.png
  artifactKey: Guid(7d6da0894e81f754892e0726e65b9c61) Importer(815301076,1909f56bfc062723c751e8b465ee728b)
Start importing Assets/Art Files/HPbar2.png using Guid(7d6da0894e81f754892e0726e65b9c61) Importer(815301076,1909f56bfc062723c751e8b465ee728b)  -> (artifact id: '7a50d0c225172af1ca4e097ef8ca1513') in 0.065234 seconds
  Import took 0.071905 seconds .

AssetImportWorkerClient::OnTransportError - code=2 error=End of file
